This is pdfTeX, Version 3.141592653-2.6-1.40.26 (TeX Live 2024) (preloaded format=pdflatex 2024.7.23)  23 JUL 2024 23:09
entering extended mode
 restricted \write18 enabled.
 %&-line parsing enabled.
**Código_informe.tex
(./Código_informe.tex
LaTeX2e <2024-06-01> patch level 2
L3 programming layer <2024-05-27>
(c:/Users/mario/AppData/Roaming/TinyTeX/texmf-dist/tex/latex/base/article.cls
Document Class: article 2024/02/08 v1.4n Standard LaTeX document class
(c:/Users/mario/AppData/Roaming/TinyTeX/texmf-dist/tex/latex/base/size10.clo
File: size10.clo 2024/02/08 v1.4n Standard LaTeX file (size option)
)
\c@part=\count194
\c@section=\count195
\c@subsection=\count196
\c@subsubsection=\count197
\c@paragraph=\count198
\c@subparagraph=\count199
\c@figure=\count266
\c@table=\count267
\abovecaptionskip=\skip49
\belowcaptionskip=\skip50
\bibindent=\dimen141
) (c:/Users/mario/AppData/Roaming/TinyTeX/texmf-dist/tex/latex/blindtext/blindtext.sty
Package: blindtext 2012/01/06 V2.0 blindtext-Package
 (c:/Users/mario/AppData/Roaming/TinyTeX/texmf-dist/tex/latex/tools/xspace.sty
Package: xspace 2014/10/28 v1.13 Space after command names (DPC,MH)
)
\c@blindtext=\count268
\c@Blindtext=\count269
\c@blind@countparstart=\count270
\blind@countxx=\count271
\blindtext@numBlindtext=\count272
\blind@countyy=\count273
\c@blindlist=\count274
\c@blindlistlevel=\count275
\c@blindlist@level=\count276
\blind@listitem=\count277
\c@blind@listcount=\count278
\c@blind@levelcount=\count279
\blind@mathformula=\count280
\blind@Mathformula=\count281
\c@blind@randomcount=\count282
\c@blind@randommax=\count283
\c@blind@pangramcount=\count284
\c@blind@pangrammax=\count285
) (c:/Users/mario/AppData/Roaming/TinyTeX/texmf-dist/tex/latex/amsmath/amsmath.sty
Package: amsmath 2024/05/23 v2.17q AMS math features
\@mathmargin=\skip51

For additional information on amsmath, use the `?' option.
(c:/Users/mario/AppData/Roaming/TinyTeX/texmf-dist/tex/latex/amsmath/amstext.sty
Package: amstext 2021/08/26 v2.01 AMS text
 (c:/Users/mario/AppData/Roaming/TinyTeX/texmf-dist/tex/latex/amsmath/amsgen.sty
File: amsgen.sty 1999/11/30 v2.0 generic functions
\@emptytoks=\toks17
\ex@=\dimen142
)) (c:/Users/mario/AppData/Roaming/TinyTeX/texmf-dist/tex/latex/amsmath/amsbsy.sty
Package: amsbsy 1999/11/29 v1.2d Bold Symbols
\pmbraise@=\dimen143
) (c:/Users/mario/AppData/Roaming/TinyTeX/texmf-dist/tex/latex/amsmath/amsopn.sty
Package: amsopn 2022/04/08 v2.04 operator names
)
\inf@bad=\count286
LaTeX Info: Redefining \frac on input line 233.
\uproot@=\count287
\leftroot@=\count288
LaTeX Info: Redefining \overline on input line 398.
LaTeX Info: Redefining \colon on input line 409.
\classnum@=\count289
\DOTSCASE@=\count290
LaTeX Info: Redefining \ldots on input line 495.
LaTeX Info: Redefining \dots on input line 498.
LaTeX Info: Redefining \cdots on input line 619.
\Mathstrutbox@=\box52
\strutbox@=\box53
LaTeX Info: Redefining \big on input line 721.
LaTeX Info: Redefining \Big on input line 722.
LaTeX Info: Redefining \bigg on input line 723.
LaTeX Info: Redefining \Bigg on input line 724.
\big@size=\dimen144
LaTeX Font Info:    Redeclaring font encoding OML on input line 742.
LaTeX Font Info:    Redeclaring font encoding OMS on input line 743.
\macc@depth=\count291
LaTeX Info: Redefining \bmod on input line 904.
LaTeX Info: Redefining \pmod on input line 909.
LaTeX Info: Redefining \smash on input line 939.
LaTeX Info: Redefining \relbar on input line 969.
LaTeX Info: Redefining \Relbar on input line 970.
\c@MaxMatrixCols=\count292
\dotsspace@=\muskip17
\c@parentequation=\count293
\dspbrk@lvl=\count294
\tag@help=\toks18
\row@=\count295
\column@=\count296
\maxfields@=\count297
\andhelp@=\toks19
\eqnshift@=\dimen145
\alignsep@=\dimen146
\tagshift@=\dimen147
\tagwidth@=\dimen148
\totwidth@=\dimen149
\lineht@=\dimen150
\@envbody=\toks20
\multlinegap=\skip52
\multlinetaggap=\skip53
\mathdisplay@stack=\toks21
LaTeX Info: Redefining \[ on input line 2953.
LaTeX Info: Redefining \] on input line 2954.
) (c:/Users/mario/AppData/Roaming/TinyTeX/texmf-dist/tex/generic/babel/babel.sty
Package: babel 2024/06/26 v24.7 The Babel package
\babel@savecnt=\count298
\U@D=\dimen151
\l@unhyphenated=\language5
 (c:/Users/mario/AppData/Roaming/TinyTeX/texmf-dist/tex/generic/babel/txtbabel.def)
\bbl@readstream=\read2
\bbl@dirlevel=\count299
 (c:/Users/mario/AppData/Roaming/TinyTeX/texmf-dist/tex/generic/babel-spanish/spanish.ldf
Language: spanish.ldf 2021/05/27 v5.0q Spanish support from the babel system


Package babel Warning: No hyphenation patterns were preloaded for
(babel)                the language 'Spanish' into the format.
(babel)                Please, configure your TeX system to add them and
(babel)                rebuild the format. Now I will use the patterns
(babel)                preloaded for \language=0 instead on input line 51.

Package babel Info: Hyphen rules for 'spanish' set to \l@english
(babel)             (\language0). Reported on input line 52.
\es@quottoks=\toks22
\es@quotdepth=\count300
Package babel Info: Making " an active character on input line 570.
Package babel Info: Making . an active character on input line 675.
Package babel Info: Making < an active character on input line 722.
Package babel Info: Making > an active character on input line 722.
)) (c:/Users/mario/AppData/Roaming/TinyTeX/texmf-dist/tex/generic/babel/locale/es/babel-spanish.tex
Package babel Info: Importing font and identification data for spanish
(babel)             from babel-es.ini. Reported on input line 11.
) (c:/Users/mario/AppData/Roaming/TinyTeX/texmf-dist/tex/latex/base/fontenc.sty
Package: fontenc 2021/04/29 v2.0v Standard LaTeX package
) (c:/Users/mario/AppData/Roaming/TinyTeX/texmf-dist/tex/latex/float/float.sty
Package: float 2001/11/08 v1.3d Float enhancements (AL)
\c@float@type=\count301
\float@exts=\toks23
\float@box=\box54
\@float@everytoks=\toks24
\@floatcapt=\box55
) (c:/Users/mario/AppData/Roaming/TinyTeX/texmf-dist/tex/latex/geometry/geometry.sty
Package: geometry 2020/01/02 v5.9 Page Geometry
 (c:/Users/mario/AppData/Roaming/TinyTeX/texmf-dist/tex/latex/graphics/keyval.sty
Package: keyval 2022/05/29 v1.15 key=value parser (DPC)
\KV@toks@=\toks25
) (c:/Users/mario/AppData/Roaming/TinyTeX/texmf-dist/tex/generic/iftex/ifvtex.sty
Package: ifvtex 2019/10/25 v1.7 ifvtex legacy package. Use iftex instead.
 (c:/Users/mario/AppData/Roaming/TinyTeX/texmf-dist/tex/generic/iftex/iftex.sty
Package: iftex 2022/02/03 v1.0f TeX engine tests
))
\Gm@cnth=\count302
\Gm@cntv=\count303
\c@Gm@tempcnt=\count304
\Gm@bindingoffset=\dimen152
\Gm@wd@mp=\dimen153
\Gm@odd@mp=\dimen154
\Gm@even@mp=\dimen155
\Gm@layoutwidth=\dimen156
\Gm@layoutheight=\dimen157
\Gm@layouthoffset=\dimen158
\Gm@layoutvoffset=\dimen159
\Gm@dimlist=\toks26
) (c:/Program Files/R/R-4.4.1/share/texmf/tex/latex/Sweave.sty
Package: Sweave 
 (c:/Users/mario/AppData/Roaming/TinyTeX/texmf-dist/tex/latex/base/ifthen.sty
Package: ifthen 2024/03/16 v1.1e Standard LaTeX ifthen package (DPC)
) (c:/Users/mario/AppData/Roaming/TinyTeX/texmf-dist/tex/latex/graphics/graphicx.sty
Package: graphicx 2021/09/16 v1.2d Enhanced LaTeX Graphics (DPC,SPQR)
 (c:/Users/mario/AppData/Roaming/TinyTeX/texmf-dist/tex/latex/graphics/graphics.sty
Package: graphics 2024/05/23 v1.4g Standard LaTeX Graphics (DPC,SPQR)
 (c:/Users/mario/AppData/Roaming/TinyTeX/texmf-dist/tex/latex/graphics/trig.sty
Package: trig 2023/12/02 v1.11 sin cos tan (DPC)
) (c:/Users/mario/AppData/Roaming/TinyTeX/texmf-dist/tex/latex/graphics-cfg/graphics.cfg
File: graphics.cfg 2016/06/04 v1.11 sample graphics configuration
)
Package graphics Info: Driver file: pdftex.def on input line 106.
 (c:/Users/mario/AppData/Roaming/TinyTeX/texmf-dist/tex/latex/graphics-def/pdftex.def
File: pdftex.def 2024/04/13 v1.2c Graphics/color driver for pdftex
))
\Gin@req@height=\dimen160
\Gin@req@width=\dimen161
) (c:/Users/mario/AppData/Roaming/TinyTeX/texmf-dist/tex/latex/fancyvrb/fancyvrb.sty
Package: fancyvrb 2024/01/20 4.5c verbatim text (tvz,hv)
\FV@CodeLineNo=\count305
\FV@InFile=\read3
\FV@TabBox=\box56
\c@FancyVerbLine=\count306
\FV@StepNumber=\count307
\FV@OutFile=\write3
) (c:/Users/mario/AppData/Roaming/TinyTeX/texmf-dist/tex/latex/base/textcomp.sty
Package: textcomp 2024/04/24 v2.1b Standard LaTeX package
) (c:/Users/mario/AppData/Roaming/TinyTeX/texmf-dist/tex/latex/base/fontenc.sty
Package: fontenc 2021/04/29 v2.0v Standard LaTeX package
)) (c:/Users/mario/AppData/Roaming/TinyTeX/texmf-dist/tex/latex/l3backend/l3backend-pdftex.def
File: l3backend-pdftex.def 2024-05-08 L3 backend support: PDF output (pdfTeX)
\l__color_backend_stack_int=\count308
\l__pdf_internal_box=\box57
) (./Código_informe.aux
LaTeX Info: Redefining \. on input line 8.
LaTeX Info: Redefining \% on input line 8.
)
\openout1 = `Código_informe.aux'.

LaTeX Font Info:    Checking defaults for OML/cmm/m/it on input line 19.
LaTeX Font Info:    ... okay on input line 19.
LaTeX Font Info:    Checking defaults for OMS/cmsy/m/n on input line 19.
LaTeX Font Info:    ... okay on input line 19.
LaTeX Font Info:    Checking defaults for OT1/cmr/m/n on input line 19.
LaTeX Font Info:    ... okay on input line 19.
LaTeX Font Info:    Checking defaults for T1/cmr/m/n on input line 19.
LaTeX Font Info:    ... okay on input line 19.
LaTeX Font Info:    Checking defaults for TS1/cmr/m/n on input line 19.
LaTeX Font Info:    ... okay on input line 19.
LaTeX Font Info:    Checking defaults for OMX/cmex/m/n on input line 19.
LaTeX Font Info:    ... okay on input line 19.
LaTeX Font Info:    Checking defaults for U/cmr/m/n on input line 19.
LaTeX Font Info:    ... okay on input line 19.
LaTeX Info: Redefining \. on input line 19.
LaTeX Info: Redefining \% on input line 19.

*geometry* driver: auto-detecting
*geometry* detected driver: pdftex
*geometry* verbose mode - [ preamble ] result:
* driver: pdftex
* paper: a4paper
* layout: <same size as paper>
* layoutoffset:(h,v)=(0.0pt,0.0pt)
* modes: 
* h-part:(L,W,R)=(56.9055pt, 483.69684pt, 56.90553pt)
* v-part:(T,H,B)=(56.9055pt, 731.23582pt, 56.90552pt)
* \paperwidth=597.50787pt
* \paperheight=845.04684pt
* \textwidth=483.69684pt
* \textheight=731.23582pt
* \oddsidemargin=-15.36449pt
* \evensidemargin=-15.36449pt
* \topmargin=-52.36449pt
* \headheight=12.0pt
* \headsep=25.0pt
* \topskip=10.0pt
* \footskip=30.0pt
* \marginparwidth=65.0pt
* \marginparsep=11.0pt
* \columnsep=10.0pt
* \skip\footins=9.0pt plus 4.0pt minus 2.0pt
* \hoffset=0.0pt
* \voffset=0.0pt
* \mag=1000
* \@twocolumnfalse
* \@twosidefalse
* \@mparswitchfalse
* \@reversemarginfalse
* (1in=72.27pt=25.4mm, 1cm=28.453pt)

(c:/Users/mario/AppData/Roaming/TinyTeX/texmf-dist/tex/latex/epstopdf-pkg/epstopdf-base.sty
Package: epstopdf-base 2020-01-24 v2.11 Base part for package epstopdf
 (c:/Users/mario/AppData/Roaming/TinyTeX/texmf-dist/tex/generic/infwarerr/infwarerr.sty
Package: infwarerr 2019/12/03 v1.5 Providing info/warning/error messages (HO)
) (c:/Users/mario/AppData/Roaming/TinyTeX/texmf-dist/tex/latex/grfext/grfext.sty
Package: grfext 2019/12/03 v1.3 Manage graphics extensions (HO)
 (c:/Users/mario/AppData/Roaming/TinyTeX/texmf-dist/tex/generic/kvdefinekeys/kvdefinekeys.sty
Package: kvdefinekeys 2019-12-19 v1.6 Define keys (HO)
)) (c:/Users/mario/AppData/Roaming/TinyTeX/texmf-dist/tex/latex/kvoptions/kvoptions.sty
Package: kvoptions 2022-06-15 v3.15 Key value format for package options (HO)
 (c:/Users/mario/AppData/Roaming/TinyTeX/texmf-dist/tex/generic/ltxcmds/ltxcmds.sty
Package: ltxcmds 2023-12-04 v1.26 LaTeX kernel commands for general use (HO)
) (c:/Users/mario/AppData/Roaming/TinyTeX/texmf-dist/tex/latex/kvsetkeys/kvsetkeys.sty
Package: kvsetkeys 2022-10-05 v1.19 Key value parser (HO)
)) (c:/Users/mario/AppData/Roaming/TinyTeX/texmf-dist/tex/generic/pdftexcmds/pdftexcmds.sty
Package: pdftexcmds 2020-06-27 v0.33 Utility functions of pdfTeX for LuaTeX (HO)
Package pdftexcmds Info: \pdf@primitive is available.
Package pdftexcmds Info: \pdf@ifprimitive is available.
Package pdftexcmds Info: \pdfdraftmode found.
)
Package epstopdf-base Info: Redefining graphics rule for `.eps' on input line 485.
Package grfext Info: Graphics extension search list:
(grfext)             [.pdf,.png,.jpg,.mps,.jpeg,.jbig2,.jb2,.PDF,.PNG,.JPG,.JPEG,.JBIG2,.JB2,.eps]
(grfext)             \AppendGraphicsExtensions on input line 504.
 (c:/Users/mario/AppData/Roaming/TinyTeX/texmf-dist/tex/latex/latexconfig/epstopdf-sys.cfg
File: epstopdf-sys.cfg 2010/07/13 v1.3 Configuration of (r)epstopdf for TeX Live
)) (./Código_informe-concordance.tex)
LaTeX Font Info:    Trying to load font information for T1+cmtt on input line 23.
 (c:/Users/mario/AppData/Roaming/TinyTeX/texmf-dist/tex/latex/base/t1cmtt.fd
File: t1cmtt.fd 2023/04/13 v2.5m Standard LaTeX font definitions
)
LaTeX Font Info:    Trying to load font information for TS1+cmtt on input line 25.
 (c:/Users/mario/AppData/Roaming/TinyTeX/texmf-dist/tex/latex/base/ts1cmtt.fd
File: ts1cmtt.fd 2023/04/13 v2.5m Standard LaTeX font definitions
)

[1

{c:/Users/mario/AppData/Roaming/TinyTeX/texmf-var/fonts/map/pdftex/updmap/pdftex.map}]
<Código_informe-003.pdf, id=14, 433.62pt x 433.62pt>
File: Código_informe-003.pdf Graphic file (type pdf)
<use Código_informe-003.pdf>
Package pdftex.def Info: Código_informe-003.pdf  used on input line 92.
(pdftex.def)             Requested size: 386.95894pt x 386.97923pt.


[2 <./Código_informe-003.pdf>]
<Código_informe-004.pdf, id=24, 433.62pt x 433.62pt>
File: Código_informe-004.pdf Graphic file (type pdf)
<use Código_informe-004.pdf>
Package pdftex.def Info: Código_informe-004.pdf  used on input line 146.
(pdftex.def)             Requested size: 386.95894pt x 386.97923pt.


[3]
<Código_informe-005.pdf, id=28, 433.62pt x 433.62pt>
File: Código_informe-005.pdf Graphic file (type pdf)
<use Código_informe-005.pdf>
Package pdftex.def Info: Código_informe-005.pdf  used on input line 180.
(pdftex.def)             Requested size: 386.95894pt x 386.97923pt.


[4 <./Código_informe-004.pdf>]
Overfull \hbox (10.01971pt too wide) in paragraph at lines 190--202
[][] 
 []



[5 <./Código_informe-005.pdf>]
<Código_informe-006.pdf, id=47, 433.62pt x 433.62pt>
File: Código_informe-006.pdf Graphic file (type pdf)
<use Código_informe-006.pdf>
Package pdftex.def Info: Código_informe-006.pdf  used on input line 237.
(pdftex.def)             Requested size: 386.95894pt x 386.97923pt.


[6 <./Código_informe-006.pdf>]
<Código_informe-007.pdf, id=57, 433.62pt x 433.62pt>
File: Código_informe-007.pdf Graphic file (type pdf)
<use Código_informe-007.pdf>
Package pdftex.def Info: Código_informe-007.pdf  used on input line 272.
(pdftex.def)             Requested size: 386.95894pt x 386.97923pt.


[7 <./Código_informe-007.pdf>]
<Código_informe-008.pdf, id=68, 433.62pt x 433.62pt>
File: Código_informe-008.pdf Graphic file (type pdf)
<use Código_informe-008.pdf>
Package pdftex.def Info: Código_informe-008.pdf  used on input line 307.
(pdftex.def)             Requested size: 386.95894pt x 386.97923pt.


[8 <./Código_informe-008.pdf>]
<Código_informe-009.pdf, id=78, 433.62pt x 433.62pt>
File: Código_informe-009.pdf Graphic file (type pdf)
<use Código_informe-009.pdf>
Package pdftex.def Info: Código_informe-009.pdf  used on input line 342.
(pdftex.def)             Requested size: 386.95894pt x 386.97923pt.


[9 <./Código_informe-009.pdf>]
<Código_informe-010.pdf, id=88, 433.62pt x 433.62pt>
File: Código_informe-010.pdf Graphic file (type pdf)
<use Código_informe-010.pdf>
Package pdftex.def Info: Código_informe-010.pdf  used on input line 377.
(pdftex.def)             Requested size: 386.95894pt x 386.97923pt.


[10 <./Código_informe-010.pdf>]
Overfull \hbox (1.74396pt too wide) in paragraph at lines 388--408
[][] 
 []



[11]
<Código_informe-011.pdf, id=101, 433.62pt x 433.62pt>
File: Código_informe-011.pdf Graphic file (type pdf)
<use Código_informe-011.pdf>
Package pdftex.def Info: Código_informe-011.pdf  used on input line 443.
(pdftex.def)             Requested size: 386.95894pt x 386.97923pt.


[12 <./Código_informe-011.pdf>]
<Código_informe-012.pdf, id=111, 433.62pt x 433.62pt>
File: Código_informe-012.pdf Graphic file (type pdf)
<use Código_informe-012.pdf>
Package pdftex.def Info: Código_informe-012.pdf  used on input line 478.
(pdftex.def)             Requested size: 386.95894pt x 386.97923pt.


[13 <./Código_informe-012.pdf>]
<Código_informe-013.pdf, id=122, 433.62pt x 433.62pt>
File: Código_informe-013.pdf Graphic file (type pdf)
<use Código_informe-013.pdf>
Package pdftex.def Info: Código_informe-013.pdf  used on input line 513.
(pdftex.def)             Requested size: 386.95894pt x 386.97923pt.


[14 <./Código_informe-013.pdf>]
<Código_informe-014.pdf, id=132, 433.62pt x 433.62pt>
File: Código_informe-014.pdf Graphic file (type pdf)
<use Código_informe-014.pdf>
Package pdftex.def Info: Código_informe-014.pdf  used on input line 548.
(pdftex.def)             Requested size: 386.95894pt x 386.97923pt.


[15 <./Código_informe-014.pdf>]
<Código_informe-015.pdf, id=142, 433.62pt x 433.62pt>
File: Código_informe-015.pdf Graphic file (type pdf)
<use Código_informe-015.pdf>
Package pdftex.def Info: Código_informe-015.pdf  used on input line 583.
(pdftex.def)             Requested size: 386.95894pt x 386.97923pt.


[16 <./Código_informe-015.pdf>]
<Código_informe-016.pdf, id=152, 433.62pt x 433.62pt>
File: Código_informe-016.pdf Graphic file (type pdf)
<use Código_informe-016.pdf>
Package pdftex.def Info: Código_informe-016.pdf  used on input line 618.
(pdftex.def)             Requested size: 386.95894pt x 386.97923pt.


[17 <./Código_informe-016.pdf>]
<Código_informe-017.pdf, id=162, 433.62pt x 433.62pt>
File: Código_informe-017.pdf Graphic file (type pdf)
<use Código_informe-017.pdf>
Package pdftex.def Info: Código_informe-017.pdf  used on input line 653.
(pdftex.def)             Requested size: 386.95894pt x 386.97923pt.


[18 <./Código_informe-017.pdf>]
<Código_informe-018.pdf, id=172, 433.62pt x 433.62pt>
File: Código_informe-018.pdf Graphic file (type pdf)
<use Código_informe-018.pdf>
Package pdftex.def Info: Código_informe-018.pdf  used on input line 688.
(pdftex.def)             Requested size: 386.95894pt x 386.97923pt.


[19 <./Código_informe-018.pdf>]
<Código_informe-019.pdf, id=184, 433.62pt x 433.62pt>
File: Código_informe-019.pdf Graphic file (type pdf)
<use Código_informe-019.pdf>
Package pdftex.def Info: Código_informe-019.pdf  used on input line 723.
(pdftex.def)             Requested size: 386.95894pt x 386.97923pt.


[20 <./Código_informe-019.pdf>]
<Código_informe-020.pdf, id=194, 433.62pt x 433.62pt>
File: Código_informe-020.pdf Graphic file (type pdf)
<use Código_informe-020.pdf>
Package pdftex.def Info: Código_informe-020.pdf  used on input line 758.
(pdftex.def)             Requested size: 386.95894pt x 386.97923pt.


[21 <./Código_informe-020.pdf>]
<Código_informe-021.pdf, id=204, 433.62pt x 433.62pt>
File: Código_informe-021.pdf Graphic file (type pdf)
<use Código_informe-021.pdf>
Package pdftex.def Info: Código_informe-021.pdf  used on input line 793.
(pdftex.def)             Requested size: 386.95894pt x 386.97923pt.


[22 <./Código_informe-021.pdf>]
<Código_informe-022.pdf, id=214, 433.62pt x 433.62pt>
File: Código_informe-022.pdf Graphic file (type pdf)
<use Código_informe-022.pdf>
Package pdftex.def Info: Código_informe-022.pdf  used on input line 828.
(pdftex.def)             Requested size: 386.95894pt x 386.97923pt.


[23 <./Código_informe-022.pdf>]
<Código_informe-023.pdf, id=224, 433.62pt x 433.62pt>
File: Código_informe-023.pdf Graphic file (type pdf)
<use Código_informe-023.pdf>
Package pdftex.def Info: Código_informe-023.pdf  used on input line 863.
(pdftex.def)             Requested size: 386.95894pt x 386.97923pt.


[24 <./Código_informe-023.pdf>]
<Imatge1.png, id=234, 640.64343pt x 603.0028pt>
File: Imatge1.png Graphic file (type png)
<use Imatge1.png>
Package pdftex.def Info: Imatge1.png  used on input line 873.
(pdftex.def)             Requested size: 338.5863pt x 318.69745pt.
<Imatge2.png, id=236, 634.62094pt x 602.25pt>
File: Imatge2.png Graphic file (type png)
<use Imatge2.png>
Package pdftex.def Info: Imatge2.png  used on input line 882.
(pdftex.def)             Requested size: 338.5863pt x 321.32295pt.


[25 <./Imatge1.png>]

[26 <./Imatge2.png>]

[27] (./Código_informe.aux
LaTeX Info: Redefining \. on input line 8.
LaTeX Info: Redefining \% on input line 8.
)
 ***********
LaTeX2e <2024-06-01> patch level 2
L3 programming layer <2024-05-27>
 ***********
 ) 
Here is how much of TeX's memory you used:
 5472 strings out of 475543
 95440 string characters out of 5775459
 1936908 words of memory out of 5000000
 28033 multiletter control sequences out of 15000+600000
 567473 words of font info for 59 fonts, out of 8000000 for 9000
 14 hyphenation exceptions out of 8191
 72i,8n,79p,1290b,365s stack positions out of 10000i,1000n,20000p,200000b,200000s
 <c:/Users/mario/AppData/Roaming/TinyTeX/texmf-var/fonts/pk/ljfour/jknappen/ec/ecbx1000.600pk> <c:/Users/mario/AppData/Roaming/TinyTeX/texmf-var/fonts/pk/ljfour/jknappen/ec/ecrm1000.600pk> <c:/Users/mario/AppData/Roaming/TinyTeX/texmf-var/fonts/pk/ljfour/jknappen/ec/ecbx1440.600pk> <c:/Users/mario/AppData/Roaming/TinyTeX/texmf-var/fonts/pk/ljfour/jknappen/ec/tcst1000.600pk> <c:/Users/mario/AppData/Roaming/TinyTeX/texmf-var/fonts/pk/ljfour/jknappen/ec/ecst1000.600pk> <c:/Users/mario/AppData/Roaming/TinyTeX/texmf-var/fonts/pk/ljfour/jknappen/ec/ecrm1200.600pk> <c:/Users/mario/AppData/Roaming/TinyTeX/texmf-var/fonts/pk/ljfour/jknappen/ec/ecrm1728.600pk>
Output written on Código_informe.pdf (27 pages, 281428 bytes).
PDF statistics:
 523 PDF objects out of 1000 (max. 8388607)
 174 compressed objects within 2 object streams
 0 named destinations out of 1000 (max. 500000)
 120 words of extra memory for PDF output out of 10000 (max. 10000000)

