This is pdfTeX, Version 3.141592653-2.6-1.40.26 (TeX Live 2024) (preloaded format=pdflatex 2024.7.24)  24 JUL 2024 16:09
entering extended mode
 restricted \write18 enabled.
 %&-line parsing enabled.
**Informe.tex
(./Informe.tex
LaTeX2e <2024-06-01> patch level 2
L3 programming layer <2024-05-27>
(c:/Users/mario/AppData/Roaming/TinyTeX/texmf-dist/tex/latex/base/article.cls
Document Class: article 2024/02/08 v1.4n Standard LaTeX document class
(c:/Users/mario/AppData/Roaming/TinyTeX/texmf-dist/tex/latex/base/size10.clo
File: size10.clo 2024/02/08 v1.4n Standard LaTeX file (size option)
)
\c@part=\count194
\c@section=\count195
\c@subsection=\count196
\c@subsubsection=\count197
\c@paragraph=\count198
\c@subparagraph=\count199
\c@figure=\count266
\c@table=\count267
\abovecaptionskip=\skip49
\belowcaptionskip=\skip50
\bibindent=\dimen141
) (c:/Users/mario/AppData/Roaming/TinyTeX/texmf-dist/tex/latex/blindtext/blindtext.sty
Package: blindtext 2012/01/06 V2.0 blindtext-Package
 (c:/Users/mario/AppData/Roaming/TinyTeX/texmf-dist/tex/latex/tools/xspace.sty
Package: xspace 2014/10/28 v1.13 Space after command names (DPC,MH)
)
\c@blindtext=\count268
\c@Blindtext=\count269
\c@blind@countparstart=\count270
\blind@countxx=\count271
\blindtext@numBlindtext=\count272
\blind@countyy=\count273
\c@blindlist=\count274
\c@blindlistlevel=\count275
\c@blindlist@level=\count276
\blind@listitem=\count277
\c@blind@listcount=\count278
\c@blind@levelcount=\count279
\blind@mathformula=\count280
\blind@Mathformula=\count281
\c@blind@randomcount=\count282
\c@blind@randommax=\count283
\c@blind@pangramcount=\count284
\c@blind@pangrammax=\count285
) (c:/Users/mario/AppData/Roaming/TinyTeX/texmf-dist/tex/latex/amsmath/amsmath.sty
Package: amsmath 2024/05/23 v2.17q AMS math features
\@mathmargin=\skip51

For additional information on amsmath, use the `?' option.
(c:/Users/mario/AppData/Roaming/TinyTeX/texmf-dist/tex/latex/amsmath/amstext.sty
Package: amstext 2021/08/26 v2.01 AMS text
 (c:/Users/mario/AppData/Roaming/TinyTeX/texmf-dist/tex/latex/amsmath/amsgen.sty
File: amsgen.sty 1999/11/30 v2.0 generic functions
\@emptytoks=\toks17
\ex@=\dimen142
)) (c:/Users/mario/AppData/Roaming/TinyTeX/texmf-dist/tex/latex/amsmath/amsbsy.sty
Package: amsbsy 1999/11/29 v1.2d Bold Symbols
\pmbraise@=\dimen143
) (c:/Users/mario/AppData/Roaming/TinyTeX/texmf-dist/tex/latex/amsmath/amsopn.sty
Package: amsopn 2022/04/08 v2.04 operator names
)
\inf@bad=\count286
LaTeX Info: Redefining \frac on input line 233.
\uproot@=\count287
\leftroot@=\count288
LaTeX Info: Redefining \overline on input line 398.
LaTeX Info: Redefining \colon on input line 409.
\classnum@=\count289
\DOTSCASE@=\count290
LaTeX Info: Redefining \ldots on input line 495.
LaTeX Info: Redefining \dots on input line 498.
LaTeX Info: Redefining \cdots on input line 619.
\Mathstrutbox@=\box52
\strutbox@=\box53
LaTeX Info: Redefining \big on input line 721.
LaTeX Info: Redefining \Big on input line 722.
LaTeX Info: Redefining \bigg on input line 723.
LaTeX Info: Redefining \Bigg on input line 724.
\big@size=\dimen144
LaTeX Font Info:    Redeclaring font encoding OML on input line 742.
LaTeX Font Info:    Redeclaring font encoding OMS on input line 743.
\macc@depth=\count291
LaTeX Info: Redefining \bmod on input line 904.
LaTeX Info: Redefining \pmod on input line 909.
LaTeX Info: Redefining \smash on input line 939.
LaTeX Info: Redefining \relbar on input line 969.
LaTeX Info: Redefining \Relbar on input line 970.
\c@MaxMatrixCols=\count292
\dotsspace@=\muskip17
\c@parentequation=\count293
\dspbrk@lvl=\count294
\tag@help=\toks18
\row@=\count295
\column@=\count296
\maxfields@=\count297
\andhelp@=\toks19
\eqnshift@=\dimen145
\alignsep@=\dimen146
\tagshift@=\dimen147
\tagwidth@=\dimen148
\totwidth@=\dimen149
\lineht@=\dimen150
\@envbody=\toks20
\multlinegap=\skip52
\multlinetaggap=\skip53
\mathdisplay@stack=\toks21
LaTeX Info: Redefining \[ on input line 2953.
LaTeX Info: Redefining \] on input line 2954.
) (c:/Users/mario/AppData/Roaming/TinyTeX/texmf-dist/tex/generic/babel/babel.sty
Package: babel 2024/06/26 v24.7 The Babel package
\babel@savecnt=\count298
\U@D=\dimen151
\l@unhyphenated=\language6
 (c:/Users/mario/AppData/Roaming/TinyTeX/texmf-dist/tex/generic/babel/txtbabel.def)
\bbl@readstream=\read2
\bbl@dirlevel=\count299
 (c:/Users/mario/AppData/Roaming/TinyTeX/texmf-dist/tex/generic/babel-spanish/spanish.ldf
Language: spanish.ldf 2021/05/27 v5.0q Spanish support from the babel system
\es@quottoks=\toks22
\es@quotdepth=\count300
Package babel Info: Making " an active character on input line 570.
Package babel Info: Making . an active character on input line 675.
Package babel Info: Making < an active character on input line 722.
Package babel Info: Making > an active character on input line 722.
)) (c:/Users/mario/AppData/Roaming/TinyTeX/texmf-dist/tex/generic/babel/locale/es/babel-spanish.tex
Package babel Info: Importing font and identification data for spanish
(babel)             from babel-es.ini. Reported on input line 11.
) (c:/Users/mario/AppData/Roaming/TinyTeX/texmf-dist/tex/latex/base/fontenc.sty
Package: fontenc 2021/04/29 v2.0v Standard LaTeX package
) (c:/Users/mario/AppData/Roaming/TinyTeX/texmf-dist/tex/latex/float/float.sty
Package: float 2001/11/08 v1.3d Float enhancements (AL)
\c@float@type=\count301
\float@exts=\toks23
\float@box=\box54
\@float@everytoks=\toks24
\@floatcapt=\box55
) (c:/Users/mario/AppData/Roaming/TinyTeX/texmf-dist/tex/latex/geometry/geometry.sty
Package: geometry 2020/01/02 v5.9 Page Geometry
 (c:/Users/mario/AppData/Roaming/TinyTeX/texmf-dist/tex/latex/graphics/keyval.sty
Package: keyval 2022/05/29 v1.15 key=value parser (DPC)
\KV@toks@=\toks25
) (c:/Users/mario/AppData/Roaming/TinyTeX/texmf-dist/tex/generic/iftex/ifvtex.sty
Package: ifvtex 2019/10/25 v1.7 ifvtex legacy package. Use iftex instead.
 (c:/Users/mario/AppData/Roaming/TinyTeX/texmf-dist/tex/generic/iftex/iftex.sty
Package: iftex 2022/02/03 v1.0f TeX engine tests
))
\Gm@cnth=\count302
\Gm@cntv=\count303
\c@Gm@tempcnt=\count304
\Gm@bindingoffset=\dimen152
\Gm@wd@mp=\dimen153
\Gm@odd@mp=\dimen154
\Gm@even@mp=\dimen155
\Gm@layoutwidth=\dimen156
\Gm@layoutheight=\dimen157
\Gm@layouthoffset=\dimen158
\Gm@layoutvoffset=\dimen159
\Gm@dimlist=\toks26
) (c:/Program Files/R/R-4.4.1/share/texmf/tex/latex/Sweave.sty
Package: Sweave 
 (c:/Users/mario/AppData/Roaming/TinyTeX/texmf-dist/tex/latex/base/ifthen.sty
Package: ifthen 2024/03/16 v1.1e Standard LaTeX ifthen package (DPC)
) (c:/Users/mario/AppData/Roaming/TinyTeX/texmf-dist/tex/latex/graphics/graphicx.sty
Package: graphicx 2021/09/16 v1.2d Enhanced LaTeX Graphics (DPC,SPQR)
 (c:/Users/mario/AppData/Roaming/TinyTeX/texmf-dist/tex/latex/graphics/graphics.sty
Package: graphics 2024/05/23 v1.4g Standard LaTeX Graphics (DPC,SPQR)
 (c:/Users/mario/AppData/Roaming/TinyTeX/texmf-dist/tex/latex/graphics/trig.sty
Package: trig 2023/12/02 v1.11 sin cos tan (DPC)
) (c:/Users/mario/AppData/Roaming/TinyTeX/texmf-dist/tex/latex/graphics-cfg/graphics.cfg
File: graphics.cfg 2016/06/04 v1.11 sample graphics configuration
)
Package graphics Info: Driver file: pdftex.def on input line 106.
 (c:/Users/mario/AppData/Roaming/TinyTeX/texmf-dist/tex/latex/graphics-def/pdftex.def
File: pdftex.def 2024/04/13 v1.2c Graphics/color driver for pdftex
))
\Gin@req@height=\dimen160
\Gin@req@width=\dimen161
) (c:/Users/mario/AppData/Roaming/TinyTeX/texmf-dist/tex/latex/fancyvrb/fancyvrb.sty
Package: fancyvrb 2024/01/20 4.5c verbatim text (tvz,hv)
\FV@CodeLineNo=\count305
\FV@InFile=\read3
\FV@TabBox=\box56
\c@FancyVerbLine=\count306
\FV@StepNumber=\count307
\FV@OutFile=\write3
) (c:/Users/mario/AppData/Roaming/TinyTeX/texmf-dist/tex/latex/base/textcomp.sty
Package: textcomp 2024/04/24 v2.1b Standard LaTeX package
) (c:/Users/mario/AppData/Roaming/TinyTeX/texmf-dist/tex/latex/base/fontenc.sty
Package: fontenc 2021/04/29 v2.0v Standard LaTeX package
)) (c:/Users/mario/AppData/Roaming/TinyTeX/texmf-dist/tex/latex/l3backend/l3backend-pdftex.def
File: l3backend-pdftex.def 2024-05-08 L3 backend support: PDF output (pdfTeX)
\l__color_backend_stack_int=\count308
\l__pdf_internal_box=\box57
) (./Informe.aux
LaTeX Info: Redefining \. on input line 8.
LaTeX Info: Redefining \% on input line 8.
)
\openout1 = `Informe.aux'.

LaTeX Font Info:    Checking defaults for OML/cmm/m/it on input line 19.
LaTeX Font Info:    ... okay on input line 19.
LaTeX Font Info:    Checking defaults for OMS/cmsy/m/n on input line 19.
LaTeX Font Info:    ... okay on input line 19.
LaTeX Font Info:    Checking defaults for OT1/cmr/m/n on input line 19.
LaTeX Font Info:    ... okay on input line 19.
LaTeX Font Info:    Checking defaults for T1/cmr/m/n on input line 19.
LaTeX Font Info:    ... okay on input line 19.
LaTeX Font Info:    Checking defaults for TS1/cmr/m/n on input line 19.
LaTeX Font Info:    ... okay on input line 19.
LaTeX Font Info:    Checking defaults for OMX/cmex/m/n on input line 19.
LaTeX Font Info:    ... okay on input line 19.
LaTeX Font Info:    Checking defaults for U/cmr/m/n on input line 19.
LaTeX Font Info:    ... okay on input line 19.
LaTeX Info: Redefining \. on input line 19.
LaTeX Info: Redefining \% on input line 19.

*geometry* driver: auto-detecting
*geometry* detected driver: pdftex
*geometry* verbose mode - [ preamble ] result:
* driver: pdftex
* paper: a4paper
* layout: <same size as paper>
* layoutoffset:(h,v)=(0.0pt,0.0pt)
* modes: 
* h-part:(L,W,R)=(56.9055pt, 483.69684pt, 56.90553pt)
* v-part:(T,H,B)=(56.9055pt, 731.23582pt, 56.90552pt)
* \paperwidth=597.50787pt
* \paperheight=845.04684pt
* \textwidth=483.69684pt
* \textheight=731.23582pt
* \oddsidemargin=-15.36449pt
* \evensidemargin=-15.36449pt
* \topmargin=-52.36449pt
* \headheight=12.0pt
* \headsep=25.0pt
* \topskip=10.0pt
* \footskip=30.0pt
* \marginparwidth=65.0pt
* \marginparsep=11.0pt
* \columnsep=10.0pt
* \skip\footins=9.0pt plus 4.0pt minus 2.0pt
* \hoffset=0.0pt
* \voffset=0.0pt
* \mag=1000
* \@twocolumnfalse
* \@twosidefalse
* \@mparswitchfalse
* \@reversemarginfalse
* (1in=72.27pt=25.4mm, 1cm=28.453pt)

(c:/Users/mario/AppData/Roaming/TinyTeX/texmf-dist/tex/latex/epstopdf-pkg/epstopdf-base.sty
Package: epstopdf-base 2020-01-24 v2.11 Base part for package epstopdf
 (c:/Users/mario/AppData/Roaming/TinyTeX/texmf-dist/tex/generic/infwarerr/infwarerr.sty
Package: infwarerr 2019/12/03 v1.5 Providing info/warning/error messages (HO)
) (c:/Users/mario/AppData/Roaming/TinyTeX/texmf-dist/tex/latex/grfext/grfext.sty
Package: grfext 2019/12/03 v1.3 Manage graphics extensions (HO)
 (c:/Users/mario/AppData/Roaming/TinyTeX/texmf-dist/tex/generic/kvdefinekeys/kvdefinekeys.sty
Package: kvdefinekeys 2019-12-19 v1.6 Define keys (HO)
)) (c:/Users/mario/AppData/Roaming/TinyTeX/texmf-dist/tex/latex/kvoptions/kvoptions.sty
Package: kvoptions 2022-06-15 v3.15 Key value format for package options (HO)
 (c:/Users/mario/AppData/Roaming/TinyTeX/texmf-dist/tex/generic/ltxcmds/ltxcmds.sty
Package: ltxcmds 2023-12-04 v1.26 LaTeX kernel commands for general use (HO)
) (c:/Users/mario/AppData/Roaming/TinyTeX/texmf-dist/tex/latex/kvsetkeys/kvsetkeys.sty
Package: kvsetkeys 2022-10-05 v1.19 Key value parser (HO)
)) (c:/Users/mario/AppData/Roaming/TinyTeX/texmf-dist/tex/generic/pdftexcmds/pdftexcmds.sty
Package: pdftexcmds 2020-06-27 v0.33 Utility functions of pdfTeX for LuaTeX (HO)
Package pdftexcmds Info: \pdf@primitive is available.
Package pdftexcmds Info: \pdf@ifprimitive is available.
Package pdftexcmds Info: \pdfdraftmode found.
)
Package epstopdf-base Info: Redefining graphics rule for `.eps' on input line 485.
Package grfext Info: Graphics extension search list:
(grfext)             [.pdf,.png,.jpg,.mps,.jpeg,.jbig2,.jb2,.PDF,.PNG,.JPG,.JPEG,.JBIG2,.JB2,.eps]
(grfext)             \AppendGraphicsExtensions on input line 504.
 (c:/Users/mario/AppData/Roaming/TinyTeX/texmf-dist/tex/latex/latexconfig/epstopdf-sys.cfg
File: epstopdf-sys.cfg 2010/07/13 v1.3 Configuration of (r)epstopdf for TeX Live
)) (./Informe-concordance.tex)
LaTeX Font Info:    Trying to load font information for T1+cmtt on input line 25.
 (c:/Users/mario/AppData/Roaming/TinyTeX/texmf-dist/tex/latex/base/t1cmtt.fd
File: t1cmtt.fd 2023/04/13 v2.5m Standard LaTeX font definitions
)
LaTeX Font Info:    Trying to load font information for TS1+cmtt on input line 27.
 (c:/Users/mario/AppData/Roaming/TinyTeX/texmf-dist/tex/latex/base/ts1cmtt.fd
File: ts1cmtt.fd 2023/04/13 v2.5m Standard LaTeX font definitions
)
<Informe-004.pdf, id=2, 433.62pt x 433.62pt>
File: Informe-004.pdf Graphic file (type pdf)
<use Informe-004.pdf>
Package pdftex.def Info: Informe-004.pdf  used on input line 63.
(pdftex.def)             Requested size: 386.95894pt x 386.97923pt.


[1

{c:/Users/mario/AppData/Roaming/TinyTeX/texmf-var/fonts/map/pdftex/updmap/pdftex.map}]
<Informe-005.pdf, id=15, 433.62pt x 433.62pt>
File: Informe-005.pdf Graphic file (type pdf)
<use Informe-005.pdf>
Package pdftex.def Info: Informe-005.pdf  used on input line 84.
(pdftex.def)             Requested size: 386.95894pt x 386.97923pt.


[2 <./Informe-004.pdf>]
<Informe-006.pdf, id=25, 433.62pt x 433.62pt>
File: Informe-006.pdf Graphic file (type pdf)
<use Informe-006.pdf>
Package pdftex.def Info: Informe-006.pdf  used on input line 86.
(pdftex.def)             Requested size: 386.95894pt x 386.97923pt.


[3 <./Informe-005.pdf>]

[4 <./Informe-006.pdf>]
Overfull \hbox (10.01971pt too wide) in paragraph at lines 97--109
[][] 
 []

<Informe-007.pdf, id=44, 433.62pt x 433.62pt>
File: Informe-007.pdf Graphic file (type pdf)
<use Informe-007.pdf>
Package pdftex.def Info: Informe-007.pdf  used on input line 111.
(pdftex.def)             Requested size: 386.95894pt x 386.97923pt.
<Informe-008.pdf, id=45, 433.62pt x 433.62pt>
File: Informe-008.pdf Graphic file (type pdf)
<use Informe-008.pdf>
Package pdftex.def Info: Informe-008.pdf  used on input line 113.
(pdftex.def)             Requested size: 386.95894pt x 386.97923pt.


[5 <./Informe-007.pdf>]
<Informe-009.pdf, id=55, 433.62pt x 433.62pt>
File: Informe-009.pdf Graphic file (type pdf)
<use Informe-009.pdf>
Package pdftex.def Info: Informe-009.pdf  used on input line 115.
(pdftex.def)             Requested size: 386.95894pt x 386.97923pt.


[6 <./Informe-008.pdf>]
<Informe-010.pdf, id=65, 433.62pt x 433.62pt>
File: Informe-010.pdf Graphic file (type pdf)
<use Informe-010.pdf>
Package pdftex.def Info: Informe-010.pdf  used on input line 117.
(pdftex.def)             Requested size: 386.95894pt x 386.97923pt.


[7 <./Informe-009.pdf>]
<Informe-011.pdf, id=76, 433.62pt x 433.62pt>
File: Informe-011.pdf Graphic file (type pdf)
<use Informe-011.pdf>
Package pdftex.def Info: Informe-011.pdf  used on input line 119.
(pdftex.def)             Requested size: 386.95894pt x 386.97923pt.


[8 <./Informe-010.pdf>]

[9 <./Informe-011.pdf>]
Overfull \hbox (1.74396pt too wide) in paragraph at lines 130--150
[][] 
 []

<Informe-012.pdf, id=95, 433.62pt x 433.62pt>
File: Informe-012.pdf Graphic file (type pdf)
<use Informe-012.pdf>
Package pdftex.def Info: Informe-012.pdf  used on input line 152.
(pdftex.def)             Requested size: 386.95894pt x 386.97923pt.
<Informe-013.pdf, id=96, 433.62pt x 433.62pt>
File: Informe-013.pdf Graphic file (type pdf)
<use Informe-013.pdf>
Package pdftex.def Info: Informe-013.pdf  used on input line 154.
(pdftex.def)             Requested size: 386.95894pt x 386.97923pt.


[10 <./Informe-012.pdf>]
<Informe-014.pdf, id=106, 433.62pt x 433.62pt>
File: Informe-014.pdf Graphic file (type pdf)
<use Informe-014.pdf>
Package pdftex.def Info: Informe-014.pdf  used on input line 156.
(pdftex.def)             Requested size: 386.95894pt x 386.97923pt.


[11 <./Informe-013.pdf>]
<Informe-015.pdf, id=116, 433.62pt x 433.62pt>
File: Informe-015.pdf Graphic file (type pdf)
<use Informe-015.pdf>
Package pdftex.def Info: Informe-015.pdf  used on input line 158.
(pdftex.def)             Requested size: 386.95894pt x 386.97923pt.


[12 <./Informe-014.pdf>]
<Informe-016.pdf, id=126, 433.62pt x 433.62pt>
File: Informe-016.pdf Graphic file (type pdf)
<use Informe-016.pdf>
Package pdftex.def Info: Informe-016.pdf  used on input line 160.
(pdftex.def)             Requested size: 386.95894pt x 386.97923pt.


[13 <./Informe-015.pdf>]
<Informe-017.pdf, id=137, 433.62pt x 433.62pt>
File: Informe-017.pdf Graphic file (type pdf)
<use Informe-017.pdf>
Package pdftex.def Info: Informe-017.pdf  used on input line 162.
(pdftex.def)             Requested size: 386.95894pt x 386.97923pt.


[14 <./Informe-016.pdf>]
<Informe-018.pdf, id=147, 433.62pt x 433.62pt>
File: Informe-018.pdf Graphic file (type pdf)
<use Informe-018.pdf>
Package pdftex.def Info: Informe-018.pdf  used on input line 164.
(pdftex.def)             Requested size: 386.95894pt x 386.97923pt.


[15 <./Informe-017.pdf>]
<Informe-019.pdf, id=157, 433.62pt x 433.62pt>
File: Informe-019.pdf Graphic file (type pdf)
<use Informe-019.pdf>
Package pdftex.def Info: Informe-019.pdf  used on input line 166.
(pdftex.def)             Requested size: 386.95894pt x 386.97923pt.


[16 <./Informe-018.pdf>]
<Informe-020.pdf, id=167, 433.62pt x 433.62pt>
File: Informe-020.pdf Graphic file (type pdf)
<use Informe-020.pdf>
Package pdftex.def Info: Informe-020.pdf  used on input line 168.
(pdftex.def)             Requested size: 386.95894pt x 386.97923pt.


[17 <./Informe-019.pdf>]
<Informe-021.pdf, id=177, 433.62pt x 433.62pt>
File: Informe-021.pdf Graphic file (type pdf)
<use Informe-021.pdf>
Package pdftex.def Info: Informe-021.pdf  used on input line 170.
(pdftex.def)             Requested size: 386.95894pt x 386.97923pt.


[18 <./Informe-020.pdf>]
<Informe-022.pdf, id=188, 433.62pt x 433.62pt>
File: Informe-022.pdf Graphic file (type pdf)
<use Informe-022.pdf>
Package pdftex.def Info: Informe-022.pdf  used on input line 172.
(pdftex.def)             Requested size: 386.95894pt x 386.97923pt.


[19 <./Informe-021.pdf>]
<Informe-023.pdf, id=199, 433.62pt x 433.62pt>
File: Informe-023.pdf Graphic file (type pdf)
<use Informe-023.pdf>
Package pdftex.def Info: Informe-023.pdf  used on input line 174.
(pdftex.def)             Requested size: 386.95894pt x 386.97923pt.


[20 <./Informe-022.pdf>]
<Informe-024.pdf, id=209, 433.62pt x 433.62pt>
File: Informe-024.pdf Graphic file (type pdf)
<use Informe-024.pdf>
Package pdftex.def Info: Informe-024.pdf  used on input line 176.
(pdftex.def)             Requested size: 386.95894pt x 386.97923pt.


[21 <./Informe-023.pdf>]

[22 <./Informe-024.pdf>]
<Imatge1.png, id=228, 640.64343pt x 603.0028pt>
File: Imatge1.png Graphic file (type png)
<use Imatge1.png>
Package pdftex.def Info: Imatge1.png  used on input line 187.
(pdftex.def)             Requested size: 338.5863pt x 318.69745pt.
<Imatge2.png, id=230, 634.62094pt x 602.25pt>
File: Imatge2.png Graphic file (type png)
<use Imatge2.png>
Package pdftex.def Info: Imatge2.png  used on input line 196.
(pdftex.def)             Requested size: 338.5863pt x 321.32295pt.


[23 <./Imatge1.png>]

[24 <./Imatge2.png>]

[25] (./Informe.aux
LaTeX Info: Redefining \. on input line 8.
LaTeX Info: Redefining \% on input line 8.
)
 ***********
LaTeX2e <2024-06-01> patch level 2
L3 programming layer <2024-05-27>
 ***********
 ) 
Here is how much of TeX's memory you used:
 5466 strings out of 475526
 92339 string characters out of 5775061
 1937908 words of memory out of 5000000
 28034 multiletter control sequences out of 15000+600000
 567473 words of font info for 59 fonts, out of 8000000 for 9000
 14 hyphenation exceptions out of 8191
 72i,8n,79p,1282b,365s stack positions out of 10000i,1000n,20000p,200000b,200000s
 <c:/Users/mario/AppData/Roaming/TinyTeX/texmf-var/fonts/pk/ljfour/jknappen/ec/ecbx1000.600pk> <c:/Users/mario/AppData/Roaming/TinyTeX/texmf-var/fonts/pk/ljfour/jknappen/ec/ecrm1000.600pk> <c:/Users/mario/AppData/Roaming/TinyTeX/texmf-var/fonts/pk/ljfour/jknappen/ec/ecbx1440.600pk> <c:/Users/mario/AppData/Roaming/TinyTeX/texmf-var/fonts/pk/ljfour/jknappen/ec/tcst1000.600pk> <c:/Users/mario/AppData/Roaming/TinyTeX/texmf-var/fonts/pk/ljfour/jknappen/ec/ecst1000.600pk> <c:/Users/mario/AppData/Roaming/TinyTeX/texmf-var/fonts/pk/ljfour/jknappen/ec/ecrm1200.600pk> <c:/Users/mario/AppData/Roaming/TinyTeX/texmf-var/fonts/pk/ljfour/jknappen/ec/ecrm1728.600pk>
Output written on Informe.pdf (25 pages, 253435 bytes).
PDF statistics:
 480 PDF objects out of 1000 (max. 8388607)
 170 compressed objects within 2 object streams
 0 named destinations out of 1000 (max. 500000)
 120 words of extra memory for PDF output out of 10000 (max. 10000000)

